### ISSUE TITLE
XCSoar 7.28 custom build for raspbery pi 0 src/ui/canvas/freetype/Font.cpp NextChar s.remove_prefix tries to remove to much from the string_view

### ISSUE THREAD

**Issue by mr-nice** [XCSoar/XCSoar#1091]
Hi all,
I got this problem on a custom build for my raspberry pi zero. Which is based on the meta-openvario xcsoar recipe.

At the end of the string view NextUTF8 returns a pair of 0,0 which is fine but afterwards it tries to s.remove_prefix(n.second - s.data()); which is wrong at least for my platform. 

This is the gdb output for the operation:

```c++
0x005a8e1c in ForEachGlyph<std::basic_string_view<char>&, Font::TextSize(tstring_view) const::<lambda(int, int, FT_GlyphSlot)> > (f=..., text=..., ascent_height=11, face=0xc61020)
    at /usr/src/debug/xcsoar/7.28-r0/src/ui/canvas/freetype/Font.cpp:251
251     in /usr/src/debug/xcsoar/7.28-r0/src/ui/canvas/freetype/Font.cpp
3: offset = <error: current stack frame does not contain a variable named `this'>
(gdb) n
260     in /usr/src/debug/xcsoar/7.28-r0/src/ui/canvas/freetype/Font.cpp
3: offset = <error: current stack frame does not contain a variable named `this'>
(gdb) 
/usr/include/c++/12.2.0/string_view:276: constexpr void std::basic_string_view<_CharT, _Traits>::remove_prefix(size_type) [with _CharT = char; _Traits = std::char_traits<char>; size_type = unsigned int]: Assertion 'this->_M_len >= __n' failed.

Thread 1 "xcsoar" received signal SIGABRT, Aborted.
__pthread_kill_implementation (threadid=<optimized out>, signo=signo@entry=6, no_tid=no_tid@entry=0) at pthread_kill.c:44
44      pthread_kill.c: No such file or directory.
3: offset = <error: current stack frame does not contain a variable named `this'>
```

I did a quick and  dirty fix for it and the patch is the following:

```c++
diff --git a/src/ui/canvas/freetype/Font.cpp b/src/ui/canvas/freetype/Font.cpp
index 29d7d61b3c..d80f8374b3 100644
--- a/src/ui/canvas/freetype/Font.cpp
+++ b/src/ui/canvas/freetype/Font.cpp
@@ -106,7 +106,10 @@ NextChar(tstring_view &s) noexcept
   return ch;
 #else
   auto n = NextUTF8(s.data());
-  s.remove_prefix(n.second - s.data());
+  if(n.second != 0)
+  {
+    s.remove_prefix(n.second - s.data());
+  }
   return n.first;
 #endif
 }
@@ -239,6 +242,8 @@ ForEachChar(tstring_view text, F &&f)
 
   while (!text.empty()) {
     const unsigned ch = NextChar(text);
+    if (ch == 0)
+           break;
     f(ch);
   }
 }
```

With that patch I'm able to run xcsoar -simulation without any problems.

So what are the expected values for the n.second - s.data() operation? And how would a proper fix look like?

Thanks in advance :)

**Comment by MaxKellermann** [comment]
> At the end of the string view

No, at the end of the string_view, NextChar() will never be called:

>    while (!text.empty()) {
>      const unsigned ch = NextChar(text);

Don't you see? At the end, NextChar() is not reachable, because `text.empty()` will leave the loop.

I suppose you're dealing with malformed UTF-8, and this piece of code asserts that all UTF-8 is valid. It must have leaked from somewhere in here, and from there a runtime check is missing.

**Comment by mr-nice** [comment]
Hey,
first of all thanks for the super quick response :) Yes you are right debugging late at night might not be the best idea ^^. I was so focused on the NextChar function that I completely overlooked the caller. But my problem remains.

The string is not mailformed but the exit condition of the while(!text.empty()){...} is evaluated differently at assembly level. I need to dig deeper into the assembly code. Which is always fun with optimized C++ code :D. So this could take some time. I need to find out if it is a logic, compiler, or a optimizer error.

This is the NextChar with examinated memory and displayed string. So the string looks good.

```c++
Thread 1 "xcsoar" hit Breakpoint 1, NextChar (s=...) at /usr/src/debug/xcsoar/7.28-r0/src/ui/canvas/freetype/Font.cpp:101
101     /usr/src/debug/xcsoar/7.28-r0/src/ui/canvas/freetype/Font.cpp: No such file or directory.
(gdb) info locals
n = <optimized out>
(gdb) print s
$1 = (tstring_view &) @0xbeffecc4: {_M_len = 18, _M_str = 0x6cbec0 <XCSoar_ProductToken> "XCSoar v7.28-Linux"}
(gdb) x/20xb s.data()
Cannot evaluate function -- may be inlined
(gdb) x/20xb 0x6cbec0
0x6cbec0 <XCSoar_ProductToken>: 0x58    0x43    0x53    0x6f    0x61    0x72    0x20    0x76
0x6cbec8 <XCSoar_ProductToken+8>:       0x37    0x2e    0x32    0x38    0x2d    0x4c    0x69    0x6e
0x6cbed0 <XCSoar_ProductToken+16>:      0x75    0x78    0x00    0x00
(gdb) x/20sb 0x6cbec0
0x6cbec0 <XCSoar_ProductToken>: "XCSoar v7.28-Linux"
0x6cbed3:       ""
0x6cbed4 <XCSoar_VersionStringOld>:     "Linux 7.28"
0x6cbedf:       ""
0x6cbee0 <XCSoar_VersionString>:        "7.28-Linux"
0x6cbeeb:       ""
0x6cbeec <XCSoar_VersionLong>:  "7.28"
0x6cbef1:       ""
0x6cbef2:       ""
0x6cbef3:       ""
0x6cbef4:       "Loaded profile from %s"
0x6cbf0b:       ""
0x6cbf0c:       "Failed to load profile"
0x6cbf23:       ""
0x6cbf24:       "Loading profiles"
0x6cbf35:       ""
0x6cbf36:       ""
0x6cbf37:       ""
0x6cbf38:       "Saving profiles"
0x6cbf48:       "default.prf"
(gdb) 
```

This is the end of the funciton where it should not reach NextChar with _M_len = 0 but it does.

```c++
ForEachChar<ForEachGlyph<std::basic_string_view<char>&, Font::TextSize(tstring_view) const::<lambda(int, int, FT_GlyphSlot)> >(FT_Face, unsigned int, std::basic_string_view<char>&, Font::TextSize(tstring_view) const::<lambda(int, int, FT_GlyphSlot)>&&)::<lambda(unsigned int)> > (f=..., text=...) at /usr/src/debug/xcsoar/7.28-r0/src/ui/canvas/freetype/Font.cpp:253
253     in /usr/src/debug/xcsoar/7.28-r0/src/ui/canvas/freetype/Font.cpp
2: text = {_M_len = 1, _M_str = 0x6cbed1 <XCSoar_ProductToken+17> "x"}
3: text = {_M_len = 18, _M_str = 0x6cbec0 <XCSoar_ProductToken> "XCSoar v7.28-Linux"}
(gdb) n

Thread 1 "xcsoar" hit Breakpoint 1, NextChar (s=...) at /usr/src/debug/xcsoar/7.28-r0/src/ui/canvas/freetype/Font.cpp:101
101     in /usr/src/debug/xcsoar/7.28-r0/src/ui/canvas/freetype/Font.cpp
1: s = (tstring_view &) @0xbeffecc4: {_M_len = 1, _M_str = 0x6cbed1 <XCSoar_ProductToken+17> "x"}
(gdb) 
109     in /usr/src/debug/xcsoar/7.28-r0/src/ui/canvas/freetype/Font.cpp
1: s = (tstring_view &) @0xbeffecc4: {_M_len = 1, _M_str = 0x6cbed1 <XCSoar_ProductToken+17> "x"}
(gdb) 
268           data() const noexcept
1: s = (tstring_view &) @0xbeffecc4: {_M_len = 1, _M_str = 0x6cbed1 <XCSoar_ProductToken+17> "x"}
(gdb) 
110     /usr/src/debug/xcsoar/7.28-r0/src/ui/canvas/freetype/Font.cpp: No such file or directory.
1: s = (tstring_view &) @0xbeffecc4: {_M_len = 1, _M_str = 0x6cbed1 <XCSoar_ProductToken+17> "x"}
(gdb) 
117     in /usr/src/debug/xcsoar/7.28-r0/src/ui/canvas/freetype/Font.cpp
1: s = (tstring_view &) @0xbeffecc4: {_M_len = 1, _M_str = 0x6cbed1 <XCSoar_ProductToken+17> "x"}
(gdb) 
119     in /usr/src/debug/xcsoar/7.28-r0/src/ui/canvas/freetype/Font.cpp
1: s = (tstring_view &) @0xbeffecc4: {_M_len = 0, _M_str = 0x6cbed2 <XCSoar_ProductToken+18> ""}
(gdb) 
ForEachChar<ForEachGlyph<std::basic_string_view<char>&, Font::TextSize(tstring_view) const::<lambda(int, int, FT_GlyphSlot)> >(FT_Face, unsigned int, std::basic_string_view<char>&, Font::TextSize(tstring_view) const::<lambda(int, int, FT_GlyphSlot)>&&)::<lambda(unsigned int)> > (f=..., text=...) at /usr/src/debug/xcsoar/7.28-r0/src/ui/canvas/freetype/Font.cpp:253
253     in /usr/src/debug/xcsoar/7.28-r0/src/ui/canvas/freetype/Font.cpp
2: text = {_M_len = 0, _M_str = 0x6cbed2 <XCSoar_ProductToken+18> ""}
3: text = {_M_len = 18, _M_str = 0x6cbec0 <XCSoar_ProductToken> "XCSoar v7.28-Linux"}

Thread 1 "xcsoar" hit Breakpoint 1, NextChar (s=...) at /usr/src/debug/xcsoar/7.28-r0/src/ui/canvas/freetype/Font.cpp:101
101     in /usr/src/debug/xcsoar/7.28-r0/src/ui/canvas/freetype/Font.cpp
1: s = (tstring_view &) @0xbeffecc4: {_M_len = 0, _M_str = 0x6cbed2 <XCSoar_ProductToken+18> ""}
```

This is the assembly code of the function. It's the modified version but in this case it doesn't matter.

```c++
ForEachChar<ForEachGlyph<std::basic_string_view<char>&, Font::TextSize(tstring_view) const::<lambda(int, int, FT_GlyphSlot)> >(FT_Face, unsigned int, std::basic_string_view<char>&, Font::TextSize(tstring_view) const::<lambda(int, int, FT_GlyphSlot)>&&)::<lambda(unsigned int)> > (f=..., text=...) at /usr/src/debug/xcsoar/7.28-r0/src/ui/canvas/freetype/Font.cpp:253
253     in /usr/src/debug/xcsoar/7.28-r0/src/ui/canvas/freetype/Font.cpp
2: text = {_M_len = 17, _M_str = 0x6cbec1 <XCSoar_ProductToken+1> "CSoar v7.28-Linux"}
3: text = {_M_len = 18, _M_str = 0x6cbec0 <XCSoar_ProductToken> "XCSoar v7.28-Linux"}
(gdb) 
231           empty() const noexcept
2: text = {_M_len = 17, _M_str = 0x6cbec1 <XCSoar_ProductToken+1> "CSoar v7.28-Linux"}
3: text = {_M_len = 18, _M_str = 0x6cbec0 <XCSoar_ProductToken> "XCSoar v7.28-Linux"}
(gdb) disassemble
Dump of assembler code for function _ZNK4Font8TextSizeESt17basic_string_viewIcSt11char_traitsIcEE:
   0x005a8f84 <+0>:     push    {r4, r5, r6, r7, r8, r9, r10, r11, lr}
   0x005a8f88 <+4>:     mov     r6, #0
   0x005a8f8c <+8>:     mov     r10, r2
   0x005a8f90 <+12>:    mov     r8, r0
   0x005a8f94 <+16>:    mov     r9, r6
   0x005a8f98 <+20>:    ldr     lr, [pc, #320]  ; 0x5a90e0 <_ZNK4Font8TextSizeESt17basic_string_viewIcSt11char_traitsIcEE+348>
   0x005a8f9c <+24>:    ldr     r12, [pc, #320] ; 0x5a90e4 <_ZNK4Font8TextSizeESt17basic_string_viewIcSt11char_traitsIcEE+352>
   0x005a8fa0 <+28>:    add     lr, pc, lr
   0x005a8fa4 <+32>:    ldr     r12, [lr, r12]
   0x005a8fa8 <+36>:    sub     sp, sp, #60     ; 0x3c
   0x005a8fac <+40>:    ldr     r5, [r1]
   0x005a8fb0 <+44>:    ldr     r12, [r12]
   0x005a8fb4 <+48>:    str     r12, [sp, #52]  ; 0x34
   0x005a8fb8 <+52>:    mov     r12, #0
   0x005a8fbc <+56>:    add     r12, sp, #24
   0x005a8fc0 <+60>:    add     r7, sp, #36     ; 0x24
   0x005a8fc4 <+64>:    stm     r12, {r2, r3}
   0x005a8fc8 <+68>:    stm     r7, {r2, r3}
   0x005a8fcc <+72>:    ldr     r3, [r5, #8]
   0x005a8fd0 <+76>:    str     r6, [sp, #12]
   0x005a8fd4 <+80>:    and     r3, r3, #64     ; 0x40
   0x005a8fd8 <+84>:    str     r3, [sp, #16]
   0x005a8fdc <+88>:    str     r1, [sp, #20]
   0x005a8fe0 <+92>:    cmp     r10, #0
   0x005a8fe4 <+96>:    beq     0x5a9078 <_ZNK4Font8TextSizeESt17basic_string_viewIcSt11char_traitsIcEE+244>
   0x005a8fe8 <+100>:   mov     r0, r7
   0x005a8fec <+104>:   bl      0x5a8a24 <NextChar(tstring_view&)>
   0x005a8ff0 <+108>:   subs    r1, r0, #0
   0x005a8ff4 <+112>:   beq     0x5a9078 <_ZNK4Font8TextSizeESt17basic_string_viewIcSt11char_traitsIcEE+244>
   0x005a8ff8 <+116>:   mov     r0, r5
   0x005a8ffc <+120>:   bl      0x42a34c <FT_Get_Char_Index@plt>
   0x005a9000 <+124>:   subs    r4, r0, #0
   0x005a9004 <+128>:   beq     0x5a8fe8 <_ZNK4Font8TextSizeESt17basic_string_viewIcSt11char_traitsIcEE+100>
   0x005a9008 <+132>:   mov     r2, #0
   0x005a900c <+136>:   mov     r1, r4
   0x005a9010 <+140>:   mov     r0, r5
   0x005a9014 <+144>:   bl      0x42a358 <FT_Load_Glyph@plt>
   0x005a9018 <+148>:   subs    r3, r0, #0
   0x005a901c <+152>:   bne     0x5a8fe0 <_ZNK4Font8TextSizeESt17basic_string_viewIcSt11char_traitsIcEE+92>
   0x005a9020 <+156>:   ldr     r2, [sp, #16]
   0x005a9024 <+160>:   ldr     r11, [r5, #84]  ; 0x54
   0x005a9028 <+164>:   cmp     r2, #0
   0x005a902c <+168>:   beq     0x5a9040 <_ZNK4Font8TextSizeESt17basic_string_viewIcSt11char_traitsIcEE+188>
   0x005a9030 <+172>:   ldr     r2, [sp, #12]
   0x005a9034 <+176>:   cmp     r2, #0
   0x005a9038 <+180>:   bne     0x5a90b8 <_ZNK4Font8TextSizeESt17basic_string_viewIcSt11char_traitsIcEE+308>
   0x005a903c <+184>:   str     r4, [sp, #12]
   0x005a9040 <+188>:   ldr     r3, [r11, #24]
   0x005a9044 <+192>:   ldr     r2, [r11, #32]
   0x005a9048 <+196>:   add     r3, r3, #63     ; 0x3f
   0x005a904c <+200>:   asr     r3, r3, #6
   0x005a9050 <+204>:   add     r3, r3, r2, asr #6
   0x005a9054 <+208>:   add     r2, r9, r2, asr #6
   0x005a9058 <+212>:   add     r3, r3, r2
   0x005a905c <+216>:   ldr     r1, [r11, #40]  ; 0x28
   0x005a9060 <+220>:   cmp     r6, r3
   0x005a9064 <+224>:   movlt   r6, r3
   0x005a9068 <+228>:   add     r1, r1, #63     ; 0x3f
   0x005a906c <+232>:   cmp     r10, #0
   0x005a9070 <+236>:   add     r9, r9, r1, asr #6
=> 0x005a9074 <+240>:   bne     0x5a8fe8 <_ZNK4Font8TextSizeESt17basic_string_viewIcSt11char_traitsIcEE+100>
   0x005a9078 <+244>:   ldr     r4, [sp, #20]
   0x005a907c <+248>:   ldr     r2, [pc, #100]  ; 0x5a90e8 <_ZNK4Font8TextSizeESt17basic_string_viewIcSt11char_traitsIcEE+356>
   0x005a9080 <+252>:   ldr     r3, [r4, #4]
   0x005a9084 <+256>:   add     r2, pc, r2
   0x005a9088 <+260>:   str     r3, [r8, #4]
   0x005a908c <+264>:   ldr     r3, [pc, #80]   ; 0x5a90e4 <_ZNK4Font8TextSizeESt17basic_string_viewIcSt11char_traitsIcEE+352>
   0x005a9090 <+268>:   str     r6, [r8]
   0x005a9094 <+272>:   ldr     r3, [r2, r3]
   0x005a9098 <+276>:   ldr     r2, [r3]
   0x005a909c <+280>:   ldr     r3, [sp, #52]   ; 0x34
   0x005a90a0 <+284>:   eors    r2, r3, r2
   0x005a90a4 <+288>:   mov     r3, #0
   0x005a90a8 <+292>:   bne     0x5a90dc <_ZNK4Font8TextSizeESt17basic_string_viewIcSt11char_traitsIcEE+344>
   0x005a90ac <+296>:   mov     r0, r8
   0x005a90b0 <+300>:   add     sp, sp, #60     ; 0x3c
   0x005a90b4 <+304>:   pop     {r4, r5, r6, r7, r8, r9, r10, r11, pc}
   0x005a90b8 <+308>:   mov     r1, r2
   0x005a90bc <+312>:   add     r2, sp, #44     ; 0x2c
   0x005a90c0 <+316>:   str     r2, [sp]
   0x005a90c4 <+320>:   mov     r0, r5
   0x005a90c8 <+324>:   mov     r2, r4
   0x005a90cc <+328>:   bl      0x42a370 <FT_Get_Kerning@plt>
   0x005a90d0 <+332>:   ldr     r3, [sp, #44]   ; 0x2c
   0x005a90d4 <+336>:   add     r9, r9, r3, asr #6
   0x005a90d8 <+340>:   b       0x5a903c <_ZNK4Font8TextSizeESt17basic_string_viewIcSt11char_traitsIcEE+184>
   0x005a90dc <+344>:   bl      0x429884 <__stack_chk_fail@plt>
   0x005a90e0 <+348>:   andseq  r5, r8, r4, asr #16
   0x005a90e4 <+352>:                   ; <UNDEFINED> instruction: 0xffffea94
   0x005a90e8 <+356>:   andseq  r5, r8, r0, ror #14
End of assembler dump.
```

And here is a quick debug of NextChar getting called with _M_len = 0

```c++
(gdb) ni
0x005a8ffc in operator() (ch=120, __closure=<optimized out>) at /usr/src/debug/xcsoar/7.28-r0/src/ui/canvas/freetype/Font.cpp:274
274     in /usr/src/debug/xcsoar/7.28-r0/src/ui/canvas/freetype/Font.cpp
2: text = {_M_len = 0, _M_str = 0x6cbed2 <XCSoar_ProductToken+18> ""}
3: text = {_M_len = 18, _M_str = 0x6cbec0 <XCSoar_ProductToken> "XCSoar v7.28-Linux"}
(gdb) display/i $pc
5: x/i $pc
=> 0x5a8ffc <_ZNK4Font8TextSizeESt17basic_string_viewIcSt11char_traitsIcEE+120>:        bl      0x42a34c <FT_Get_Char_Index@plt>
(gdb) ni
0x005a9000      275     in /usr/src/debug/xcsoar/7.28-r0/src/ui/canvas/freetype/Font.cpp
2: text = {_M_len = 0, _M_str = 0x6cbed2 <XCSoar_ProductToken+18> ""}
3: text = {_M_len = 18, _M_str = 0x6cbec0 <XCSoar_ProductToken> "XCSoar v7.28-Linux"}
5: x/i $pc
=> 0x5a9000 <_ZNK4Font8TextSizeESt17basic_string_viewIcSt11char_traitsIcEE+124>:        subs    r4, r0, #0
(gdb) 
0x005a9004      275     in /usr/src/debug/xcsoar/7.28-r0/src/ui/canvas/freetype/Font.cpp
2: text = {_M_len = 0, _M_str = 0x6cbed2 <XCSoar_ProductToken+18> ""}
3: text = {_M_len = 18, _M_str = 0x6cbec0 <XCSoar_ProductToken> "XCSoar v7.28-Linux"}
5: x/i $pc
=> 0x5a9004 <_ZNK4Font8TextSizeESt17basic_string_viewIcSt11char_traitsIcEE+128>:        beq     0x5a8fe8 <_ZNK4Font8TextSizeESt17basic_string_viewIcSt11char_traitsIcEE+100>
(gdb) print 0x5a8fe8
$2 = 5935080
(gdb) x/10xb 0x5a8fe8 
0x5a8fe8 <_ZNK4Font8TextSizeESt17basic_string_viewIcSt11char_traitsIcEE+100>:   0x07    0x00    0xa0    0xe1    0x8c    0xfe    0xff    0xeb
0x5a8ff0 <_ZNK4Font8TextSizeESt17basic_string_viewIcSt11char_traitsIcEE+108>:   0x00    0x10
(gdb) x/10sb 0x5a8fe8 
0x5a8fe8 <_ZNK4Font8TextSizeESt17basic_string_viewIcSt11char_traitsIcEE+100>:   "\a"
0x5a8fea <_ZNK4Font8TextSizeESt17basic_string_viewIcSt11char_traitsIcEE+102>:   "\240\341\214\376\377\353"
0x5a8ff1 <_ZNK4Font8TextSizeESt17basic_string_viewIcSt11char_traitsIcEE+108>:   "\020P\342\037"
0x5a8ff6 <_ZNK4Font8TextSizeESt17basic_string_viewIcSt11char_traitsIcEE+114>:   ""
0x5a8ff7 <_ZNK4Font8TextSizeESt17basic_string_viewIcSt11char_traitsIcEE+114>:   "\n\005"
0x5a8ffa <_ZNK4Font8TextSizeESt17basic_string_viewIcSt11char_traitsIcEE+118>:   "\240\341\322\004\372\353"
0x5a9001 <_ZNK4Font8TextSizeESt17basic_string_viewIcSt11char_traitsIcEE+124>:   "@P\342\367\377\377\n"
0x5a9009 <_ZNK4Font8TextSizeESt17basic_string_viewIcSt11char_traitsIcEE+132>:   " \240\343\004\020\240\341\005"
0x5a9012 <_ZNK4Font8TextSizeESt17basic_string_viewIcSt11char_traitsIcEE+142>:   "\240\341\317\004\372\353"
0x5a9019 <_ZNK4Font8TextSizeESt17basic_string_viewIcSt11char_traitsIcEE+148>:   "0P\342\357\377\377\032\020 \235\345T\260\225\345"
(gdb) ni
0x005a9008      278     in /usr/src/debug/xcsoar/7.28-r0/src/ui/canvas/freetype/Font.cpp
2: text = {_M_len = 0, _M_str = 0x6cbed2 <XCSoar_ProductToken+18> ""}
3: text = {_M_len = 18, _M_str = 0x6cbec0 <XCSoar_ProductToken> "XCSoar v7.28-Linux"}
5: x/i $pc
=> 0x5a9008 <_ZNK4Font8TextSizeESt17basic_string_viewIcSt11char_traitsIcEE+132>:        mov     r2, #0
(gdb) 
0x005a900c      278     in /usr/src/debug/xcsoar/7.28-r0/src/ui/canvas/freetype/Font.cpp
2: text = {_M_len = 0, _M_str = 0x6cbed2 <XCSoar_ProductToken+18> ""}
3: text = {_M_len = 18, _M_str = 0x6cbec0 <XCSoar_ProductToken> "XCSoar v7.28-Linux"}
5: x/i $pc
=> 0x5a900c <_ZNK4Font8TextSizeESt17basic_string_viewIcSt11char_traitsIcEE+136>:        mov     r1, r4
(gdb) 
0x005a9010      278     in /usr/src/debug/xcsoar/7.28-r0/src/ui/canvas/freetype/Font.cpp
2: text = {_M_len = 0, _M_str = 0x6cbed2 <XCSoar_ProductToken+18> ""}
3: text = {_M_len = 18, _M_str = 0x6cbec0 <XCSoar_ProductToken> "XCSoar v7.28-Linux"}
5: x/i $pc
=> 0x5a9010 <_ZNK4Font8TextSizeESt17basic_string_viewIcSt11char_traitsIcEE+140>:        mov     r0, r5
(gdb) 
0x005a9014      278     in /usr/src/debug/xcsoar/7.28-r0/src/ui/canvas/freetype/Font.cpp
2: text = {_M_len = 0, _M_str = 0x6cbed2 <XCSoar_ProductToken+18> ""}
3: text = {_M_len = 18, _M_str = 0x6cbec0 <XCSoar_ProductToken> "XCSoar v7.28-Linux"}
5: x/i $pc
=> 0x5a9014 <_ZNK4Font8TextSizeESt17basic_string_viewIcSt11char_traitsIcEE+144>:        bl      0x42a358 <FT_Load_Glyph@plt>
(gdb) 
0x005a9018      279     in /usr/src/debug/xcsoar/7.28-r0/src/ui/canvas/freetype/Font.cpp
2: text = {_M_len = 0, _M_str = 0x6cbed2 <XCSoar_ProductToken+18> ""}
3: text = {_M_len = 18, _M_str = 0x6cbec0 <XCSoar_ProductToken> "XCSoar v7.28-Linux"}
5: x/i $pc
=> 0x5a9018 <_ZNK4Font8TextSizeESt17basic_string_viewIcSt11char_traitsIcEE+148>:        subs    r3, r0, #0
(gdb) 
0x005a901c      279     in /usr/src/debug/xcsoar/7.28-r0/src/ui/canvas/freetype/Font.cpp
2: text = {_M_len = 0, _M_str = 0x6cbed2 <XCSoar_ProductToken+18> ""}
3: text = {_M_len = 18, _M_str = 0x6cbec0 <XCSoar_ProductToken> "XCSoar v7.28-Linux"}
5: x/i $pc
=> 0x5a901c <_ZNK4Font8TextSizeESt17basic_string_viewIcSt11char_traitsIcEE+152>:        bne     0x5a8fe0 <_ZNK4Font8TextSizeESt17basic_string_viewIcSt11char_traitsIcEE+92>
(gdb) x/10sb 0x5a8fe0 
0x5a8fe0 <_ZNK4Font8TextSizeESt17basic_string_viewIcSt11char_traitsIcEE+92>:    ""
0x5a8fe1 <_ZNK4Font8TextSizeESt17basic_string_viewIcSt11char_traitsIcEE+92>:    ""
0x5a8fe2 <_ZNK4Font8TextSizeESt17basic_string_viewIcSt11char_traitsIcEE+94>:    "Z\343#"
0x5a8fe6 <_ZNK4Font8TextSizeESt17basic_string_viewIcSt11char_traitsIcEE+98>:    ""
0x5a8fe7 <_ZNK4Font8TextSizeESt17basic_string_viewIcSt11char_traitsIcEE+98>:    "\n\a"
0x5a8fea <_ZNK4Font8TextSizeESt17basic_string_viewIcSt11char_traitsIcEE+102>:   "\240\341\214\376\377\353"
0x5a8ff1 <_ZNK4Font8TextSizeESt17basic_string_viewIcSt11char_traitsIcEE+108>:   "\020P\342\037"
0x5a8ff6 <_ZNK4Font8TextSizeESt17basic_string_viewIcSt11char_traitsIcEE+114>:   ""
0x5a8ff7 <_ZNK4Font8TextSizeESt17basic_string_viewIcSt11char_traitsIcEE+114>:   "\n\005"
0x5a8ffa <_ZNK4Font8TextSizeESt17basic_string_viewIcSt11char_traitsIcEE+118>:   "\240\341\322\004\372\353"
(gdb) x/10xb 0x5a8fe0
0x5a8fe0 <_ZNK4Font8TextSizeESt17basic_string_viewIcSt11char_traitsIcEE+92>:    0x00    0x00    0x5a    0xe3    0x23    0x00    0x00    0x0a
0x5a8fe8 <_ZNK4Font8TextSizeESt17basic_string_viewIcSt11char_traitsIcEE+100>:   0x07    0x00
(gdb) ni
0x005a9020      285     in /usr/src/debug/xcsoar/7.28-r0/src/ui/canvas/freetype/Font.cpp
2: text = {_M_len = 0, _M_str = 0x6cbed2 <XCSoar_ProductToken+18> ""}
3: text = {_M_len = 18, _M_str = 0x6cbec0 <XCSoar_ProductToken> "XCSoar v7.28-Linux"}
5: x/i $pc
=> 0x5a9020 <_ZNK4Font8TextSizeESt17basic_string_viewIcSt11char_traitsIcEE+156>:        ldr     r2, [sp, #16]
(gdb) 
0x005a9024      282     in /usr/src/debug/xcsoar/7.28-r0/src/ui/canvas/freetype/Font.cpp
2: text = {_M_len = 0, _M_str = 0x6cbed2 <XCSoar_ProductToken+18> ""}
3: text = {_M_len = 18, _M_str = 0x6cbec0 <XCSoar_ProductToken> "XCSoar v7.28-Linux"}
5: x/i $pc
=> 0x5a9024 <_ZNK4Font8TextSizeESt17basic_string_viewIcSt11char_traitsIcEE+160>:        ldr     r11, [r5, #84]  ; 0x54
(gdb) 
0x005a9028      285     in /usr/src/debug/xcsoar/7.28-r0/src/ui/canvas/freetype/Font.cpp
2: text = {_M_len = 0, _M_str = 0x6cbed2 <XCSoar_ProductToken+18> ""}
3: text = {_M_len = 18, _M_str = 0x6cbec0 <XCSoar_ProductToken> "XCSoar v7.28-Linux"}
5: x/i $pc
=> 0x5a9028 <_ZNK4Font8TextSizeESt17basic_string_viewIcSt11char_traitsIcEE+164>:        cmp     r2, #0
(gdb) 
0x005a902c      285     in /usr/src/debug/xcsoar/7.28-r0/src/ui/canvas/freetype/Font.cpp
2: text = {_M_len = 0, _M_str = 0x6cbed2 <XCSoar_ProductToken+18> ""}
3: text = {_M_len = 18, _M_str = 0x6cbec0 <XCSoar_ProductToken> "XCSoar v7.28-Linux"}
5: x/i $pc
=> 0x5a902c <_ZNK4Font8TextSizeESt17basic_string_viewIcSt11char_traitsIcEE+168>:        beq     0x5a9040 <_ZNK4Font8TextSizeESt17basic_string_viewIcSt11char_traitsIcEE+188>
(gdb) x/10xb 0x5a9040
0x5a9040 <_ZNK4Font8TextSizeESt17basic_string_viewIcSt11char_traitsIcEE+188>:   0x18    0x30    0x9b    0xe5    0x20    0x20    0x9b    0xe5
0x5a9048 <_ZNK4Font8TextSizeESt17basic_string_viewIcSt11char_traitsIcEE+196>:   0x3f    0x30
(gdb) x/10sb 0x5a9040
0x5a9040 <_ZNK4Font8TextSizeESt17basic_string_viewIcSt11char_traitsIcEE+188>:   "\030\060\233\345  \233\345?0\203\342C3\240\341B3\203\340B#\211\340\002\060\203\340(\020\233\345\003"
0x5a9062 <_ZNK4Font8TextSizeESt17basic_string_viewIcSt11char_traitsIcEE+222>:   "V\341\003`\240\261?\020\201\342"
0x5a906d <_ZNK4Font8TextSizeESt17basic_string_viewIcSt11char_traitsIcEE+232>:   ""
0x5a906e <_ZNK4Font8TextSizeESt17basic_string_viewIcSt11char_traitsIcEE+234>:   "Z\343A\223\211\340\333\377\377\032\024@\235\345d \237\345\004\060\224\345\002 \217\340\004\060\210\345P0\237\345"
0x5a9091 <_ZNK4Font8TextSizeESt17basic_string_viewIcSt11char_traitsIcEE+268>:   "`\210\345\003\060\222\347"
0x5a9099 <_ZNK4Font8TextSizeESt17basic_string_viewIcSt11char_traitsIcEE+276>:   " \223\345\064\060\235\345\002 3\340"
0x5a90a5 <_ZNK4Font8TextSizeESt17basic_string_viewIcSt11char_traitsIcEE+288>:   "0\240\343\v"
0x5a90aa <_ZNK4Font8TextSizeESt17basic_string_viewIcSt11char_traitsIcEE+294>:   ""
0x5a90ab <_ZNK4Font8TextSizeESt17basic_string_viewIcSt11char_traitsIcEE+294>:   "\032\b"
0x5a90ae <_ZNK4Font8TextSizeESt17basic_string_viewIcSt11char_traitsIcEE+298>:   "\240\341<\320\215\342\360\217\275\350\002\020\240\341, \215\342"
(gdb) ni
0x005a9030      286     in /usr/src/debug/xcsoar/7.28-r0/src/ui/canvas/freetype/Font.cpp
2: text = {_M_len = 0, _M_str = 0x6cbed2 <XCSoar_ProductToken+18> ""}
3: text = {_M_len = 18, _M_str = 0x6cbec0 <XCSoar_ProductToken> "XCSoar v7.28-Linux"}
5: x/i $pc
=> 0x5a9030 <_ZNK4Font8TextSizeESt17basic_string_viewIcSt11char_traitsIcEE+172>:        ldr     r2, [sp, #12]
(gdb) 
0x005a9034      286     in /usr/src/debug/xcsoar/7.28-r0/src/ui/canvas/freetype/Font.cpp
2: text = {_M_len = 0, _M_str = 0x6cbed2 <XCSoar_ProductToken+18> ""}
3: text = {_M_len = 18, _M_str = 0x6cbec0 <XCSoar_ProductToken> "XCSoar v7.28-Linux"}
5: x/i $pc
=> 0x5a9034 <_ZNK4Font8TextSizeESt17basic_string_viewIcSt11char_traitsIcEE+176>:        cmp     r2, #0
(gdb) 
0x005a9038      286     in /usr/src/debug/xcsoar/7.28-r0/src/ui/canvas/freetype/Font.cpp
2: text = {_M_len = 0, _M_str = 0x6cbed2 <XCSoar_ProductToken+18> ""}
3: text = {_M_len = 18, _M_str = 0x6cbec0 <XCSoar_ProductToken> "XCSoar v7.28-Linux"}
5: x/i $pc
=> 0x5a9038 <_ZNK4Font8TextSizeESt17basic_string_viewIcSt11char_traitsIcEE+180>:        bne     0x5a90b8 <_ZNK4Font8TextSizeESt17basic_string_viewIcSt11char_traitsIcEE+308>
(gdb) 
0x005a90b8      288     in /usr/src/debug/xcsoar/7.28-r0/src/ui/canvas/freetype/Font.cpp
2: text = {_M_len = 0, _M_str = 0x6cbed2 <XCSoar_ProductToken+18> ""}
3: text = {_M_len = 18, _M_str = 0x6cbec0 <XCSoar_ProductToken> "XCSoar v7.28-Linux"}
5: x/i $pc
=> 0x5a90b8 <_ZNK4Font8TextSizeESt17basic_string_viewIcSt11char_traitsIcEE+308>:        mov     r1, r2
(gdb) 
0x005a90bc      288     in /usr/src/debug/xcsoar/7.28-r0/src/ui/canvas/freetype/Font.cpp
2: text = {_M_len = 0, _M_str = 0x6cbed2 <XCSoar_ProductToken+18> ""}
3: text = {_M_len = 18, _M_str = 0x6cbec0 <XCSoar_ProductToken> "XCSoar v7.28-Linux"}
5: x/i $pc
=> 0x5a90bc <_ZNK4Font8TextSizeESt17basic_string_viewIcSt11char_traitsIcEE+312>:        add     r2, sp, #44     ; 0x2c
(gdb) 
0x005a90c0      288     in /usr/src/debug/xcsoar/7.28-r0/src/ui/canvas/freetype/Font.cpp
2: text = {_M_len = 0, _M_str = 0x6cbed2 <XCSoar_ProductToken+18> ""}
3: text = {_M_len = 18, _M_str = 0x6cbec0 <XCSoar_ProductToken> "XCSoar v7.28-Linux"}
5: x/i $pc
=> 0x5a90c0 <_ZNK4Font8TextSizeESt17basic_string_viewIcSt11char_traitsIcEE+316>:        str     r2, [sp]
(gdb) 
0x005a90c4      288     in /usr/src/debug/xcsoar/7.28-r0/src/ui/canvas/freetype/Font.cpp
2: text = {_M_len = 0, _M_str = 0x6cbed2 <XCSoar_ProductToken+18> ""}
3: text = {_M_len = 18, _M_str = 0x6cbec0 <XCSoar_ProductToken> "XCSoar v7.28-Linux"}
5: x/i $pc
=> 0x5a90c4 <_ZNK4Font8TextSizeESt17basic_string_viewIcSt11char_traitsIcEE+320>:        mov     r0, r5
(gdb) 
0x005a90c8      288     in /usr/src/debug/xcsoar/7.28-r0/src/ui/canvas/freetype/Font.cpp
2: text = {_M_len = 0, _M_str = 0x6cbed2 <XCSoar_ProductToken+18> ""}
3: text = {_M_len = 18, _M_str = 0x6cbec0 <XCSoar_ProductToken> "XCSoar v7.28-Linux"}
5: x/i $pc
=> 0x5a90c8 <_ZNK4Font8TextSizeESt17basic_string_viewIcSt11char_traitsIcEE+324>:        mov     r2, r4
(gdb) 
0x005a90cc      288     in /usr/src/debug/xcsoar/7.28-r0/src/ui/canvas/freetype/Font.cpp
2: text = {_M_len = 0, _M_str = 0x6cbed2 <XCSoar_ProductToken+18> ""}
3: text = {_M_len = 18, _M_str = 0x6cbec0 <XCSoar_ProductToken> "XCSoar v7.28-Linux"}
5: x/i $pc
=> 0x5a90cc <_ZNK4Font8TextSizeESt17basic_string_viewIcSt11char_traitsIcEE+328>:        bl      0x42a370 <FT_Get_Kerning@plt>
(gdb) 
0x005a90d0      290     in /usr/src/debug/xcsoar/7.28-r0/src/ui/canvas/freetype/Font.cpp
2: text = {_M_len = 0, _M_str = 0x6cbed2 <XCSoar_ProductToken+18> ""}
3: text = {_M_len = 18, _M_str = 0x6cbec0 <XCSoar_ProductToken> "XCSoar v7.28-Linux"}
5: x/i $pc
=> 0x5a90d0 <_ZNK4Font8TextSizeESt17basic_string_viewIcSt11char_traitsIcEE+332>:        ldr     r3, [sp, #44]   ; 0x2c
(gdb) 
0x005a90d4      290     in /usr/src/debug/xcsoar/7.28-r0/src/ui/canvas/freetype/Font.cpp
2: text = {_M_len = 0, _M_str = 0x6cbed2 <XCSoar_ProductToken+18> ""}
3: text = {_M_len = 18, _M_str = 0x6cbec0 <XCSoar_ProductToken> "XCSoar v7.28-Linux"}
5: x/i $pc
=> 0x5a90d4 <_ZNK4Font8TextSizeESt17basic_string_viewIcSt11char_traitsIcEE+336>:        add     r9, r9, r3, asr #6
(gdb) 
0x005a90d8      290     in /usr/src/debug/xcsoar/7.28-r0/src/ui/canvas/freetype/Font.cpp
2: text = {_M_len = 0, _M_str = 0x6cbed2 <XCSoar_ProductToken+18> ""}
3: text = {_M_len = 18, _M_str = 0x6cbec0 <XCSoar_ProductToken> "XCSoar v7.28-Linux"}
5: x/i $pc
=> 0x5a90d8 <_ZNK4Font8TextSizeESt17basic_string_viewIcSt11char_traitsIcEE+340>:        b       0x5a903c <_ZNK4Font8TextSizeESt17basic_string_viewIcSt11char_traitsIcEE+184>
(gdb) 
0x005a903c      274     in /usr/src/debug/xcsoar/7.28-r0/src/ui/canvas/freetype/Font.cpp
2: text = {_M_len = 0, _M_str = 0x6cbed2 <XCSoar_ProductToken+18> ""}
3: text = {_M_len = 18, _M_str = 0x6cbec0 <XCSoar_ProductToken> "XCSoar v7.28-Linux"}
5: x/i $pc
=> 0x5a903c <_ZNK4Font8TextSizeESt17basic_string_viewIcSt11char_traitsIcEE+184>:        str     r4, [sp, #12]
(gdb) 
FT_CEIL (x=<optimized out>) at /usr/src/debug/xcsoar/7.28-r0/src/ui/canvas/freetype/Font.cpp:88
88      in /usr/src/debug/xcsoar/7.28-r0/src/ui/canvas/freetype/Font.cpp
2: text = {_M_len = 0, _M_str = 0x6cbed2 <XCSoar_ProductToken+18> ""}
3: text = {_M_len = 18, _M_str = 0x6cbec0 <XCSoar_ProductToken> "XCSoar v7.28-Linux"}
5: x/i $pc
=> 0x5a9040 <_ZNK4Font8TextSizeESt17basic_string_viewIcSt11char_traitsIcEE+188>:        ldr     r3, [r11, #24]
(gdb) 
0x005a9044 in FT_FLOOR (x=<optimized out>) at /usr/src/debug/xcsoar/7.28-r0/src/ui/canvas/freetype/Font.cpp:88
88      in /usr/src/debug/xcsoar/7.28-r0/src/ui/canvas/freetype/Font.cpp
2: text = {_M_len = 0, _M_str = 0x6cbed2 <XCSoar_ProductToken+18> ""}
3: text = {_M_len = 18, _M_str = 0x6cbec0 <XCSoar_ProductToken> "XCSoar v7.28-Linux"}
5: x/i $pc
=> 0x5a9044 <_ZNK4Font8TextSizeESt17basic_string_viewIcSt11char_traitsIcEE+192>:        ldr     r2, [r11, #32]
(gdb) 
FT_CEIL (x=<optimized out>) at /usr/src/debug/xcsoar/7.28-r0/src/ui/canvas/freetype/Font.cpp:316
316     in /usr/src/debug/xcsoar/7.28-r0/src/ui/canvas/freetype/Font.cpp
2: text = {_M_len = 0, _M_str = 0x6cbed2 <XCSoar_ProductToken+18> ""}
3: text = {_M_len = 18, _M_str = 0x6cbec0 <XCSoar_ProductToken> "XCSoar v7.28-Linux"}
5: x/i $pc
=> 0x5a9048 <_ZNK4Font8TextSizeESt17basic_string_viewIcSt11char_traitsIcEE+196>:        add     r3, r3, #63     ; 0x3f
(gdb) 
0x005a904c in FT_FLOOR (x=<optimized out>) at /usr/src/debug/xcsoar/7.28-r0/src/ui/canvas/freetype/Font.cpp:88
88      in /usr/src/debug/xcsoar/7.28-r0/src/ui/canvas/freetype/Font.cpp
2: text = {_M_len = 0, _M_str = 0x6cbed2 <XCSoar_ProductToken+18> ""}
3: text = {_M_len = 18, _M_str = 0x6cbec0 <XCSoar_ProductToken> "XCSoar v7.28-Linux"}
5: x/i $pc
=> 0x5a904c <_ZNK4Font8TextSizeESt17basic_string_viewIcSt11char_traitsIcEE+200>:        asr     r3, r3, #6
(gdb) 
0x005a9050 in operator() (glyph=0xc61980, y=<optimized out>, x=91, __closure=<optimized out>) at /usr/src/debug/xcsoar/7.28-r0/src/ui/canvas/freetype/Font.cpp:313
313     in /usr/src/debug/xcsoar/7.28-r0/src/ui/canvas/freetype/Font.cpp
2: text = {_M_len = 0, _M_str = 0x6cbed2 <XCSoar_ProductToken+18> ""}
3: text = {_M_len = 18, _M_str = 0x6cbec0 <XCSoar_ProductToken> "XCSoar v7.28-Linux"}
5: x/i $pc
=> 0x5a9050 <_ZNK4Font8TextSizeESt17basic_string_viewIcSt11char_traitsIcEE+204>:        add     r3, r3, r2, asr #6
(gdb) 
0x005a9054 in operator() (ch=<optimized out>, __closure=<optimized out>) at /usr/src/debug/xcsoar/7.28-r0/src/ui/canvas/freetype/Font.cpp:296
296     in /usr/src/debug/xcsoar/7.28-r0/src/ui/canvas/freetype/Font.cpp
2: text = {_M_len = 0, _M_str = 0x6cbed2 <XCSoar_ProductToken+18> ""}
3: text = {_M_len = 18, _M_str = 0x6cbec0 <XCSoar_ProductToken> "XCSoar v7.28-Linux"}
5: x/i $pc
=> 0x5a9054 <_ZNK4Font8TextSizeESt17basic_string_viewIcSt11char_traitsIcEE+208>:        add     r2, r9, r2, asr #6
(gdb) 
0x005a9058 in operator() (glyph=0xc61980, y=<optimized out>, x=91, __closure=<optimized out>) at /usr/src/debug/xcsoar/7.28-r0/src/ui/canvas/freetype/Font.cpp:315
315     in /usr/src/debug/xcsoar/7.28-r0/src/ui/canvas/freetype/Font.cpp
2: text = {_M_len = 0, _M_str = 0x6cbed2 <XCSoar_ProductToken+18> ""}
3: text = {_M_len = 18, _M_str = 0x6cbec0 <XCSoar_ProductToken> "XCSoar v7.28-Linux"}
5: x/i $pc
=> 0x5a9058 <_ZNK4Font8TextSizeESt17basic_string_viewIcSt11char_traitsIcEE+212>:        add     r3, r3, r2
(gdb) 
0x005a905c in FT_CEIL (x=<optimized out>) at /usr/src/debug/xcsoar/7.28-r0/src/ui/canvas/freetype/Font.cpp:94
94      in /usr/src/debug/xcsoar/7.28-r0/src/ui/canvas/freetype/Font.cpp
2: text = {_M_len = 0, _M_str = 0x6cbed2 <XCSoar_ProductToken+18> ""}
3: text = {_M_len = 18, _M_str = 0x6cbec0 <XCSoar_ProductToken> "XCSoar v7.28-Linux"}
5: x/i $pc
=> 0x5a905c <_ZNK4Font8TextSizeESt17basic_string_viewIcSt11char_traitsIcEE+216>:        ldr     r1, [r11, #40]  ; 0x28
(gdb) 
0x005a9060      94      in /usr/src/debug/xcsoar/7.28-r0/src/ui/canvas/freetype/Font.cpp
2: text = {_M_len = 0, _M_str = 0x6cbed2 <XCSoar_ProductToken+18> ""}
3: text = {_M_len = 18, _M_str = 0x6cbec0 <XCSoar_ProductToken> "XCSoar v7.28-Linux"}
5: x/i $pc
=> 0x5a9060 <_ZNK4Font8TextSizeESt17basic_string_viewIcSt11char_traitsIcEE+220>:        cmp     r6, r3
(gdb) 
0x005a9064      94      in /usr/src/debug/xcsoar/7.28-r0/src/ui/canvas/freetype/Font.cpp
2: text = {_M_len = 0, _M_str = 0x6cbed2 <XCSoar_ProductToken+18> ""}
3: text = {_M_len = 18, _M_str = 0x6cbec0 <XCSoar_ProductToken> "XCSoar v7.28-Linux"}
5: x/i $pc
=> 0x5a9064 <_ZNK4Font8TextSizeESt17basic_string_viewIcSt11char_traitsIcEE+224>:        movlt   r6, r3
(gdb) 
88      in /usr/src/debug/xcsoar/7.28-r0/src/ui/canvas/freetype/Font.cpp
2: text = {_M_len = 0, _M_str = 0x6cbed2 <XCSoar_ProductToken+18> ""}
3: text = {_M_len = 18, _M_str = 0x6cbec0 <XCSoar_ProductToken> "XCSoar v7.28-Linux"}
5: x/i $pc
=> 0x5a9068 <_ZNK4Font8TextSizeESt17basic_string_viewIcSt11char_traitsIcEE+228>:        add     r1, r1, #63     ; 0x3f
(gdb) 
0x005a906c in ForEachChar<ForEachGlyph<std::basic_string_view<char>&, Font::TextSize(tstring_view) const::<lambda(int, int, FT_GlyphSlot)> >(FT_Face, unsigned int, std::basic_string_view<char>&, Font::TextSize(tstring_view) const::<lambda(int, int, FT_GlyphSlot)>&&)::<lambda(unsigned int)> > (f=..., text=...) at /usr/src/debug/xcsoar/7.28-r0/src/ui/canvas/freetype/Font.cpp:249
249     in /usr/src/debug/xcsoar/7.28-r0/src/ui/canvas/freetype/Font.cpp
2: text = {_M_len = 0, _M_str = 0x6cbed2 <XCSoar_ProductToken+18> ""}
3: text = {_M_len = 18, _M_str = 0x6cbec0 <XCSoar_ProductToken> "XCSoar v7.28-Linux"}
5: x/i $pc
=> 0x5a906c <_ZNK4Font8TextSizeESt17basic_string_viewIcSt11char_traitsIcEE+232>:        cmp     r10, #0
(gdb) ni
0x005a9070 in operator() (ch=<optimized out>, __closure=<optimized out>) at /usr/src/debug/xcsoar/7.28-r0/src/ui/canvas/freetype/Font.cpp:300
300     in /usr/src/debug/xcsoar/7.28-r0/src/ui/canvas/freetype/Font.cpp
2: text = {_M_len = 0, _M_str = 0x6cbed2 <XCSoar_ProductToken+18> ""}
3: text = {_M_len = 18, _M_str = 0x6cbec0 <XCSoar_ProductToken> "XCSoar v7.28-Linux"}
5: x/i $pc
=> 0x5a9070 <_ZNK4Font8TextSizeESt17basic_string_viewIcSt11char_traitsIcEE+236>:        add     r9, r9, r1, asr #6
(gdb) 
ForEachChar<ForEachGlyph<std::basic_string_view<char>&, Font::TextSize(tstring_view) const::<lambda(int, int, FT_GlyphSlot)> >(FT_Face, unsigned int, std::basic_string_view<char>&, Font::TextSize(tstring_view) const::<lambda(int, int, FT_GlyphSlot)>&&)::<lambda(unsigned int)> > (f=..., text=...) at /usr/include/c++/12.2.0/string_view:231
231           empty() const noexcept
2: text = {_M_len = 0, _M_str = 0x6cbed2 <XCSoar_ProductToken+18> ""}
3: text = {_M_len = 18, _M_str = 0x6cbec0 <XCSoar_ProductToken> "XCSoar v7.28-Linux"}
5: x/i $pc
=> 0x5a9074 <_ZNK4Font8TextSizeESt17basic_string_viewIcSt11char_traitsIcEE+240>:        bne     0x5a8fe8 <_ZNK4Font8TextSizeESt17basic_string_viewIcSt11char_traitsIcEE+100>
(gdb) 
0x005a8fe8      250     /usr/src/debug/xcsoar/7.28-r0/src/ui/canvas/freetype/Font.cpp: No such file or directory.
2: text = {_M_len = 0, _M_str = 0x6cbed2 <XCSoar_ProductToken+18> ""}
3: text = {_M_len = 18, _M_str = 0x6cbec0 <XCSoar_ProductToken> "XCSoar v7.28-Linux"}
5: x/i $pc
=> 0x5a8fe8 <_ZNK4Font8TextSizeESt17basic_string_viewIcSt11char_traitsIcEE+100>:        mov     r0, r7
(gdb) 
0x005a8fec      250     in /usr/src/debug/xcsoar/7.28-r0/src/ui/canvas/freetype/Font.cpp
2: text = {_M_len = 0, _M_str = 0x6cbed2 <XCSoar_ProductToken+18> ""}
3: text = {_M_len = 18, _M_str = 0x6cbec0 <XCSoar_ProductToken> "XCSoar v7.28-Linux"}
5: x/i $pc
=> 0x5a8fec <_ZNK4Font8TextSizeESt17basic_string_viewIcSt11char_traitsIcEE+104>:        bl      0x5a8a24 <NextChar(tstring_view&)>
(gdb) x/10xb 0x5a8fe8 
0x5a8fe8 <_ZNK4Font8TextSizeESt17basic_string_viewIcSt11char_traitsIcEE+100>:   0x07    0x00    0xa0    0xe1    0x8c    0xfe    0xff    0xeb
0x5a8ff0 <_ZNK4Font8TextSizeESt17basic_string_viewIcSt11char_traitsIcEE+108>:   0x00    0x10
(gdb) x/10cb 0x5a8fe8 
0x5a8fe8 <_ZNK4Font8TextSizeESt17basic_string_viewIcSt11char_traitsIcEE+100>:   7 '\a'  0 '\000'        -96 '\240'      -31 '\341'      -116 '\214'     -2 '\376'       -1 '\377'       -21 '\353'
0x5a8ff0 <_ZNK4Font8TextSizeESt17basic_string_viewIcSt11char_traitsIcEE+108>:   0 '\000'        16 '\020'
(gdb) 
```

**Comment by MaxKellermann** [comment]
You did not post any data about the string being processed; in the last post, you set a breakpoint, but all that data is completely irrelevant, because there was no crash here. 4 months later and no more information, closing this.
